<?xml version="1.0" encoding="UTF-8"?>
<!-- Generated by org.testng.reporters.JUnitReportReporter -->
<testsuite hostname="LAPTOP-S7EFOJ0I" failures="0" tests="2" name="com.hrms.testcases.LoginTest" time="18.080" errors="0" timestamp="2020-05-31T14:13:18 EDT" skipped="0">
  <testcase classname="com.hrms.testcases.LoginTest" name="emptyUsernameLogin" time="8.172"/>
  <system-out/>
  <testcase classname="com.hrms.testcases.LoginTest" name="invalidPasswordLogin" time="9.908"/>
  <system-out/>
</testsuite> <!-- com.hrms.testcases.LoginTest -->
