<?xml version="1.0" encoding="UTF-8"?>
<!-- Generated by org.testng.reporters.JUnitReportReporter -->
<testsuite hostname="LAPTOP-S7EFOJ0I" failures="0" tests="2" name="com.hrms.testcases.AddEmployeeTest" time="72.358" errors="0" timestamp="2020-06-02T20:22:07 EDT" skipped="0">
  <testcase classname="com.hrms.testcases.AddEmployeeTest" name="addEmployee" time="48.331"/>
  <system-out/>
  <testcase classname="com.hrms.testcases.AddEmployeeTest" name="addEmployee" time="24.027"/>
  <system-out/>
</testsuite> <!-- com.hrms.testcases.AddEmployeeTest -->
